2019-03-18 15:01:09,447[DEBUG]Logging initialized using 'org.mybatis.generator.logging.slf4j.Slf4jLoggingLogFactory@45b4c3a9' adapter. main (org.mybatis.generator.logging.LogFactory:105)
2019-03-18 15:01:09,454[DEBUG]Retrieving column information for table "XYZ_%" main (org.mybatis.generator.internal.db.DatabaseIntrospector:505)
2019-03-18 15:01:09,483[DEBUG]Found column "ID", data type -5, in table "xyz..XYZ_AREA" main (org.mybatis.generator.internal.db.DatabaseIntrospector:562)
2019-03-18 15:01:09,484[DEBUG]Found column "AREA_NAME", data type 12, in table "xyz..XYZ_AREA" main (org.mybatis.generator.internal.db.DatabaseIntrospector:562)
2019-03-18 15:01:09,485[DEBUG]Found column "REMARK", data type 12, in table "xyz..XYZ_AREA" main (org.mybatis.generator.internal.db.DatabaseIntrospector:562)
2019-03-18 15:01:09,485[DEBUG]Found column "ENTRY_TIME", data type 93, in table "xyz..XYZ_AREA" main (org.mybatis.generator.internal.db.DatabaseIntrospector:562)
2019-03-18 15:01:09,486[DEBUG]Found column "ID", data type -5, in table "xyz..XYZ_AREA_MNG_ORG" main (org.mybatis.generator.internal.db.DatabaseIntrospector:562)
2019-03-18 15:01:09,487[DEBUG]Found column "AREA_ID", data type -5, in table "xyz..XYZ_AREA_MNG_ORG" main (org.mybatis.generator.internal.db.DatabaseIntrospector:562)
2019-03-18 15:01:09,488[DEBUG]Found column "MNG_ORG_ID", data type -5, in table "xyz..XYZ_AREA_MNG_ORG" main (org.mybatis.generator.internal.db.DatabaseIntrospector:562)
2019-03-18 15:01:09,488[DEBUG]Found column "ENTRY_TIME", data type 93, in table "xyz..XYZ_AREA_MNG_ORG" main (org.mybatis.generator.internal.db.DatabaseIntrospector:562)
2019-03-18 15:01:09,489[DEBUG]Found column "ID", data type -5, in table "xyz..XYZ_AREA_SEND_ORG" main (org.mybatis.generator.internal.db.DatabaseIntrospector:562)
2019-03-18 15:01:09,490[DEBUG]Found column "AREA_ID", data type -5, in table "xyz..XYZ_AREA_SEND_ORG" main (org.mybatis.generator.internal.db.DatabaseIntrospector:562)
2019-03-18 15:01:09,491[DEBUG]Found column "SEND_ORG_ID", data type -5, in table "xyz..XYZ_AREA_SEND_ORG" main (org.mybatis.generator.internal.db.DatabaseIntrospector:562)
2019-03-18 15:01:09,491[DEBUG]Found column "ENTRY_TIME", data type 93, in table "xyz..XYZ_AREA_SEND_ORG" main (org.mybatis.generator.internal.db.DatabaseIntrospector:562)
2019-03-18 15:01:09,536[ INFO]1. 取beetl的配置 main (rebue.mbgx.plugin.CodeGenByBeetlPlugin:94)
2019-03-18 15:01:09,541[ INFO]2. 通过配置生成GroupTemplate的实例，用来获取模板 main (rebue.mbgx.plugin.CodeGenByBeetlPlugin:101)
2019-03-18 15:01:09,629[ INFO]3. 获取需要生成代码的模板的配置模板 main (rebue.mbgx.plugin.CodeGenByBeetlPlugin:103)
2019-03-18 15:01:09,735[ INFO]4. 初始化JDBC连接 main (rebue.mbgx.plugin.CodeGenByBeetlPlugin:105)
2019-03-18 15:01:09,735[ INFO]注册数据库驱动 main (rebue.mbgx.plugin.CodeGenByBeetlPlugin:121)
2019-03-18 15:01:09,735[ INFO]获取数据库连接 main (rebue.mbgx.plugin.CodeGenByBeetlPlugin:123)
2019-03-18 15:01:09,795[ INFO]开始遍历表 main (rebue.mbgx.plugin.CodeGenByBeetlPlugin:128)
2019-03-18 15:01:09,797[ INFO]判断XYZ_AREA是否是中间表 main (rebue.mbgx.plugin.CodeGenByBeetlPlugin:131)
2019-03-18 15:01:09,806[ INFO]获取XYZ_AREA表的外键 main (rebue.mbgx.plugin.CodeGenByBeetlPlugin:138)
2019-03-18 15:01:09,808[ INFO]开始遍历XYZ_AREA表的外键 main (rebue.mbgx.plugin.CodeGenByBeetlPlugin:140)
2019-03-18 15:01:09,809[ INFO]判断XYZ_AREA_MNG_ORG是否是中间表 main (rebue.mbgx.plugin.CodeGenByBeetlPlugin:131)
2019-03-18 15:01:09,814[ INFO]获取XYZ_AREA_MNG_ORG表的外键 main (rebue.mbgx.plugin.CodeGenByBeetlPlugin:138)
2019-03-18 15:01:09,818[ INFO]开始遍历XYZ_AREA_MNG_ORG表的外键 main (rebue.mbgx.plugin.CodeGenByBeetlPlugin:140)
2019-03-18 15:01:09,820[DEBUG]foreignKeyInfo: ForeignKeyInfo(fkTableName=XYZ_AREA_MNG_ORG, fkClassName=XyzAreaMngOrgJo, fkBeanName=xyzAreaMngOrg, fkFieldName=AREA_ID, pkTableName=XYZ_AREA, pkClassName=XyzAreaJo, pkBeanName=area, pkFieldName=ID, title=null, isNullable=null, isMiddleTableOnFk=false) main (rebue.mbgx.plugin.CodeGenByBeetlPlugin:158)
2019-03-18 15:01:09,821[ INFO]判断XYZ_AREA_SEND_ORG是否是中间表 main (rebue.mbgx.plugin.CodeGenByBeetlPlugin:131)
2019-03-18 15:01:09,826[ INFO]获取XYZ_AREA_SEND_ORG表的外键 main (rebue.mbgx.plugin.CodeGenByBeetlPlugin:138)
2019-03-18 15:01:09,828[ INFO]开始遍历XYZ_AREA_SEND_ORG表的外键 main (rebue.mbgx.plugin.CodeGenByBeetlPlugin:140)
2019-03-18 15:01:09,829[DEBUG]foreignKeyInfo: ForeignKeyInfo(fkTableName=XYZ_AREA_SEND_ORG, fkClassName=XyzAreaSendOrgJo, fkBeanName=xyzAreaSendOrg, fkFieldName=AREA_ID, pkTableName=XYZ_AREA, pkClassName=XyzAreaJo, pkBeanName=area, pkFieldName=ID, title=null, isNullable=null, isMiddleTableOnFk=false) main (rebue.mbgx.plugin.CodeGenByBeetlPlugin:158)
2019-03-18 15:01:09,846[ INFO]************************************************************************ main (rebue.mbgx.plugin.CodeGenByBeetlPlugin:194)
2019-03-18 15:01:09,847[ INFO]* 开始处理XYZ_AREA表                                                * main (rebue.mbgx.plugin.CodeGenByBeetlPlugin:195)
2019-03-18 15:01:09,847[ INFO]************************************************************************ main (rebue.mbgx.plugin.CodeGenByBeetlPlugin:196)
2019-03-18 15:01:09,848[ INFO]1. 通过配置模板获取生成代码模板的配置参数 main (rebue.mbgx.plugin.CodeGenByBeetlPlugin:197)
2019-03-18 15:01:09,987[ INFO]2. 获取ID类型,(String,Long,Array-组合主键) main (rebue.mbgx.plugin.CodeGenByBeetlPlugin:207)
2019-03-18 15:01:09,987[ INFO]3. 准备实体的属性信息 main (rebue.mbgx.plugin.CodeGenByBeetlPlugin:222)
2019-03-18 15:01:09,989[DEBUG]getTitleByRemarks: 区域ID main (rebue.mbgx.util.RemarksUtils:21)
2019-03-18 15:01:09,989[DEBUG]getTitleByRemarks: 区域名称 main (rebue.mbgx.util.RemarksUtils:21)
2019-03-18 15:01:09,989[DEBUG]getTitleByRemarks: 备注 main (rebue.mbgx.util.RemarksUtils:21)
2019-03-18 15:01:09,990[DEBUG]getTitleByRemarks: 录入时间 main (rebue.mbgx.util.RemarksUtils:21)
2019-03-18 15:01:09,990[ INFO]4. 设置外键和关联表 main (rebue.mbgx.plugin.CodeGenByBeetlPlugin:246)
2019-03-18 15:01:09,991[ INFO]类文件注释:[] main (rebue.mbgx.plugin.CodeGenByBeetlPlugin:277)
2019-03-18 15:01:09,991[ INFO]5. 遍历模板文件配置，建立模板实例、注入参数、渲染结果并输出到文件 main (rebue.mbgx.plugin.CodeGenByBeetlPlugin:279)
2019-03-18 15:01:09,991[DEBUG]5.1. 根据配置要求判断中间表是否生成目标文件(默认不生成) main (rebue.mbgx.plugin.CodeGenByBeetlPlugin:281)
2019-03-18 15:01:09,992[DEBUG]5.2. 建立模板实例 main (rebue.mbgx.plugin.CodeGenByBeetlPlugin:290)
2019-03-18 15:01:10,021[DEBUG]5.3. 注入参数 main (rebue.mbgx.plugin.CodeGenByBeetlPlugin:292)
2019-03-18 15:01:10,021[DEBUG]getTitleByRemarks: 区域 main (rebue.mbgx.util.RemarksUtils:21)
2019-03-18 15:01:10,021[DEBUG]5.4. 渲染结果 main (rebue.mbgx.plugin.CodeGenByBeetlPlugin:311)
2019-03-18 15:01:10,025[ INFO]5.5. 将渲染结果输出到文件 main (rebue.mbgx.plugin.CodeGenByBeetlPlugin:314)
2019-03-18 15:01:10,025[ INFO]5.5.1. 判断目标文件是否存在 main (rebue.mbgx.plugin.CodeGenByBeetlPlugin:317)
2019-03-18 15:01:10,026[ INFO]5.5.2. 目标文件不存在 main (rebue.mbgx.plugin.CodeGenByBeetlPlugin:334)
2019-03-18 15:01:10,307[DEBUG][XyzAreaMo, XyzAreaJo, Long, XyzAreaSvc, BaseSvc] main (rebue.mbgx.util.JavaSourceUtils:56)
2019-03-18 15:01:10,323[ INFO]5.5.3. 输出到文件 main (rebue.mbgx.plugin.CodeGenByBeetlPlugin:340)
2019-03-18 15:01:10,324[DEBUG]5.1. 根据配置要求判断中间表是否生成目标文件(默认不生成) main (rebue.mbgx.plugin.CodeGenByBeetlPlugin:281)
2019-03-18 15:01:10,324[DEBUG]5.2. 建立模板实例 main (rebue.mbgx.plugin.CodeGenByBeetlPlugin:290)
2019-03-18 15:01:10,341[DEBUG]5.3. 注入参数 main (rebue.mbgx.plugin.CodeGenByBeetlPlugin:292)
2019-03-18 15:01:10,341[DEBUG]getTitleByRemarks: 区域 main (rebue.mbgx.util.RemarksUtils:21)
2019-03-18 15:01:10,342[DEBUG]5.4. 渲染结果 main (rebue.mbgx.plugin.CodeGenByBeetlPlugin:311)
2019-03-18 15:01:10,343[ INFO]5.5. 将渲染结果输出到文件 main (rebue.mbgx.plugin.CodeGenByBeetlPlugin:314)
2019-03-18 15:01:10,343[ INFO]5.5.1. 判断目标文件是否存在 main (rebue.mbgx.plugin.CodeGenByBeetlPlugin:317)
2019-03-18 15:01:10,344[ INFO]5.5.2. 目标文件不存在 main (rebue.mbgx.plugin.CodeGenByBeetlPlugin:334)
2019-03-18 15:01:10,453[DEBUG][Propagation, XyzAreaMo, XyzAreaJo, XyzAreaMapper, SUPPORTS, REQUIRED, Service, Logger, XyzAreaDao, XyzAreaSvcImpl, Long, BaseSvcImpl, XyzAreaSvc, LoggerFactory, Override, Transactional] main (rebue.mbgx.util.JavaSourceUtils:56)
2019-03-18 15:01:10,472[ INFO]5.5.3. 输出到文件 main (rebue.mbgx.plugin.CodeGenByBeetlPlugin:340)
2019-03-18 15:01:10,473[DEBUG]5.1. 根据配置要求判断中间表是否生成目标文件(默认不生成) main (rebue.mbgx.plugin.CodeGenByBeetlPlugin:281)
2019-03-18 15:01:10,474[DEBUG]5.2. 建立模板实例 main (rebue.mbgx.plugin.CodeGenByBeetlPlugin:290)
2019-03-18 15:01:10,504[DEBUG]5.3. 注入参数 main (rebue.mbgx.plugin.CodeGenByBeetlPlugin:292)
2019-03-18 15:01:10,504[DEBUG]getTitleByRemarks: 区域 main (rebue.mbgx.util.RemarksUtils:21)
2019-03-18 15:01:10,505[DEBUG]5.4. 渲染结果 main (rebue.mbgx.plugin.CodeGenByBeetlPlugin:311)
2019-03-18 15:01:10,506[ INFO]5.5. 将渲染结果输出到文件 main (rebue.mbgx.plugin.CodeGenByBeetlPlugin:314)
2019-03-18 15:01:10,507[ INFO]5.5.1. 判断目标文件是否存在 main (rebue.mbgx.plugin.CodeGenByBeetlPlugin:317)
2019-03-18 15:01:10,507[ INFO]5.5.2. 目标文件不存在 main (rebue.mbgx.plugin.CodeGenByBeetlPlugin:334)
2019-03-18 15:01:10,587[DEBUG][RequestParam, XyzAreaCtrl, RestController, String, Logger, RuntimeException, PostMapping, DeleteMapping, LoggerFactory, Ro, IllegalArgumentException, RequestBody, SUCCESS, XyzAreaMo, Resource, Exception, DuplicateKeyException, Integer, PageInfo, GetMapping, Long, PutMapping, XyzAreaSvc, IdRo, ResultDic, FAIL] main (rebue.mbgx.util.JavaSourceUtils:56)
2019-03-18 15:01:10,610[ INFO]5.5.3. 输出到文件 main (rebue.mbgx.plugin.CodeGenByBeetlPlugin:340)
2019-03-18 15:01:10,611[DEBUG]5.1. 根据配置要求判断中间表是否生成目标文件(默认不生成) main (rebue.mbgx.plugin.CodeGenByBeetlPlugin:281)
2019-03-18 15:01:10,611[DEBUG]5.2. 建立模板实例 main (rebue.mbgx.plugin.CodeGenByBeetlPlugin:290)
2019-03-18 15:01:10,623[DEBUG]5.3. 注入参数 main (rebue.mbgx.plugin.CodeGenByBeetlPlugin:292)
2019-03-18 15:01:10,623[DEBUG]getTitleByRemarks: 区域 main (rebue.mbgx.util.RemarksUtils:21)
2019-03-18 15:01:10,624[DEBUG]5.4. 渲染结果 main (rebue.mbgx.plugin.CodeGenByBeetlPlugin:311)
2019-03-18 15:01:10,627[ INFO]5.5. 将渲染结果输出到文件 main (rebue.mbgx.plugin.CodeGenByBeetlPlugin:314)
2019-03-18 15:01:10,628[ INFO]5.5.1. 判断目标文件是否存在 main (rebue.mbgx.plugin.CodeGenByBeetlPlugin:317)
2019-03-18 15:01:10,628[ INFO]5.5.2. 目标文件不存在 main (rebue.mbgx.plugin.CodeGenByBeetlPlugin:334)
2019-03-18 15:01:10,659[DEBUG][XyzAreaTests, SUCCESS, XyzAreaMo, String, IOException, System, RandomEx, ReflectiveOperationException, Assert, Test, Long, IdRo, ResultDic, OkhttpUtils, Ro, ObjectMapper] main (rebue.mbgx.util.JavaSourceUtils:56)
2019-03-18 15:01:10,668[ INFO]5.5.3. 输出到文件 main (rebue.mbgx.plugin.CodeGenByBeetlPlugin:340)
2019-03-18 15:01:10,669[DEBUG]5.1. 根据配置要求判断中间表是否生成目标文件(默认不生成) main (rebue.mbgx.plugin.CodeGenByBeetlPlugin:281)
2019-03-18 15:01:10,669[DEBUG]5.2. 建立模板实例 main (rebue.mbgx.plugin.CodeGenByBeetlPlugin:290)
2019-03-18 15:01:10,671[DEBUG]5.3. 注入参数 main (rebue.mbgx.plugin.CodeGenByBeetlPlugin:292)
2019-03-18 15:01:10,672[DEBUG]getTitleByRemarks: 区域 main (rebue.mbgx.util.RemarksUtils:21)
2019-03-18 15:01:10,672[DEBUG]5.4. 渲染结果 main (rebue.mbgx.plugin.CodeGenByBeetlPlugin:311)
2019-03-18 15:01:10,673[ INFO]5.5. 将渲染结果输出到文件 main (rebue.mbgx.plugin.CodeGenByBeetlPlugin:314)
2019-03-18 15:01:10,673[ INFO]5.5.1. 判断目标文件是否存在 main (rebue.mbgx.plugin.CodeGenByBeetlPlugin:317)
2019-03-18 15:01:10,673[ INFO]5.5.2. 目标文件不存在 main (rebue.mbgx.plugin.CodeGenByBeetlPlugin:334)
2019-03-18 15:01:10,675[DEBUG][XyzAreaJo, Long, XyzAreaDao, JpaRepository] main (rebue.mbgx.util.JavaSourceUtils:56)
2019-03-18 15:01:10,679[ INFO]5.5.3. 输出到文件 main (rebue.mbgx.plugin.CodeGenByBeetlPlugin:340)
2019-03-18 15:01:10,679[DEBUG]5.1. 根据配置要求判断中间表是否生成目标文件(默认不生成) main (rebue.mbgx.plugin.CodeGenByBeetlPlugin:281)
2019-03-18 15:01:10,680[DEBUG]5.2. 建立模板实例 main (rebue.mbgx.plugin.CodeGenByBeetlPlugin:290)
2019-03-18 15:01:10,733[DEBUG]5.3. 注入参数 main (rebue.mbgx.plugin.CodeGenByBeetlPlugin:292)
2019-03-18 15:01:10,734[DEBUG]getTitleByRemarks: 区域 main (rebue.mbgx.util.RemarksUtils:21)
2019-03-18 15:01:10,734[DEBUG]5.4. 渲染结果 main (rebue.mbgx.plugin.CodeGenByBeetlPlugin:311)
2019-03-18 15:01:10,737[ INFO]5.5. 将渲染结果输出到文件 main (rebue.mbgx.plugin.CodeGenByBeetlPlugin:314)
2019-03-18 15:01:10,737[ INFO]5.5.1. 判断目标文件是否存在 main (rebue.mbgx.plugin.CodeGenByBeetlPlugin:317)
2019-03-18 15:01:10,737[ INFO]5.5.2. 目标文件不存在 main (rebue.mbgx.plugin.CodeGenByBeetlPlugin:334)
2019-03-18 15:01:10,777[DEBUG][ALL, Entity, Basic, Serializable, Table, XyzAreaJo, Getter, String, XyzAreaMngOrgJo, OneToMany, Date, DATE, Temporal, Column, CascadeType, Long, Setter, List, XyzAreaSendOrgJo, Object, Id, ToString, Override, TemporalType] main (rebue.mbgx.util.JavaSourceUtils:56)
2019-03-18 15:01:10,783[ INFO]5.5.3. 输出到文件 main (rebue.mbgx.plugin.CodeGenByBeetlPlugin:340)
2019-03-18 15:01:10,795[DEBUG]getTitleByRemarks: 区域 main (rebue.mbgx.util.RemarksUtils:21)
2019-03-18 15:01:10,795[ INFO]
-----------------------------------------------
XYZ_AREA:区域
-----------------------------------------------
 main (rebue.mbgx.plugin.MapperAnnotationPlugin:32)
2019-03-18 15:01:10,805[ INFO]************************************************************************ main (rebue.mbgx.plugin.CodeGenByBeetlPlugin:194)
2019-03-18 15:01:10,806[ INFO]* 开始处理XYZ_AREA_MNG_ORG表                                                * main (rebue.mbgx.plugin.CodeGenByBeetlPlugin:195)
2019-03-18 15:01:10,806[ INFO]************************************************************************ main (rebue.mbgx.plugin.CodeGenByBeetlPlugin:196)
2019-03-18 15:01:10,808[ INFO]1. 通过配置模板获取生成代码模板的配置参数 main (rebue.mbgx.plugin.CodeGenByBeetlPlugin:197)
2019-03-18 15:01:10,810[ INFO]2. 获取ID类型,(String,Long,Array-组合主键) main (rebue.mbgx.plugin.CodeGenByBeetlPlugin:207)
2019-03-18 15:01:10,810[ INFO]3. 准备实体的属性信息 main (rebue.mbgx.plugin.CodeGenByBeetlPlugin:222)
2019-03-18 15:01:10,812[DEBUG]getTitleByRemarks: 区域组织关系ID main (rebue.mbgx.util.RemarksUtils:21)
2019-03-18 15:01:10,812[DEBUG]getTitleByRemarks: 区域ID main (rebue.mbgx.util.RemarksUtils:21)
2019-03-18 15:01:10,812[DEBUG]getTitleByRemarks: 管理组织ID main (rebue.mbgx.util.RemarksUtils:21)
2019-03-18 15:01:10,813[DEBUG]getTitleByRemarks: 录入时间 main (rebue.mbgx.util.RemarksUtils:21)
2019-03-18 15:01:10,813[ INFO]4. 设置外键和关联表 main (rebue.mbgx.plugin.CodeGenByBeetlPlugin:246)
2019-03-18 15:01:10,814[ INFO]类文件注释:[] main (rebue.mbgx.plugin.CodeGenByBeetlPlugin:277)
2019-03-18 15:01:10,814[ INFO]5. 遍历模板文件配置，建立模板实例、注入参数、渲染结果并输出到文件 main (rebue.mbgx.plugin.CodeGenByBeetlPlugin:279)
2019-03-18 15:01:10,815[DEBUG]5.1. 根据配置要求判断中间表是否生成目标文件(默认不生成) main (rebue.mbgx.plugin.CodeGenByBeetlPlugin:281)
2019-03-18 15:01:10,815[DEBUG]5.2. 建立模板实例 main (rebue.mbgx.plugin.CodeGenByBeetlPlugin:290)
2019-03-18 15:01:10,816[DEBUG]5.3. 注入参数 main (rebue.mbgx.plugin.CodeGenByBeetlPlugin:292)
2019-03-18 15:01:10,817[DEBUG]getTitleByRemarks: 区域管理组织关系 main (rebue.mbgx.util.RemarksUtils:21)
2019-03-18 15:01:10,819[DEBUG]5.4. 渲染结果 main (rebue.mbgx.plugin.CodeGenByBeetlPlugin:311)
2019-03-18 15:01:10,821[ INFO]5.5. 将渲染结果输出到文件 main (rebue.mbgx.plugin.CodeGenByBeetlPlugin:314)
2019-03-18 15:01:10,822[ INFO]5.5.1. 判断目标文件是否存在 main (rebue.mbgx.plugin.CodeGenByBeetlPlugin:317)
2019-03-18 15:01:10,823[ INFO]5.5.2. 目标文件不存在 main (rebue.mbgx.plugin.CodeGenByBeetlPlugin:334)
2019-03-18 15:01:10,839[DEBUG][XyzAreaMngOrgMo, XyzAreaMngOrgSvc, Long, BaseSvc, XyzAreaMngOrgJo] main (rebue.mbgx.util.JavaSourceUtils:56)
2019-03-18 15:01:10,841[ INFO]5.5.3. 输出到文件 main (rebue.mbgx.plugin.CodeGenByBeetlPlugin:340)
2019-03-18 15:01:10,842[DEBUG]5.1. 根据配置要求判断中间表是否生成目标文件(默认不生成) main (rebue.mbgx.plugin.CodeGenByBeetlPlugin:281)
2019-03-18 15:01:10,842[DEBUG]5.2. 建立模板实例 main (rebue.mbgx.plugin.CodeGenByBeetlPlugin:290)
2019-03-18 15:01:10,843[DEBUG]5.3. 注入参数 main (rebue.mbgx.plugin.CodeGenByBeetlPlugin:292)
2019-03-18 15:01:10,843[DEBUG]getTitleByRemarks: 区域管理组织关系 main (rebue.mbgx.util.RemarksUtils:21)
2019-03-18 15:01:10,844[DEBUG]5.4. 渲染结果 main (rebue.mbgx.plugin.CodeGenByBeetlPlugin:311)
2019-03-18 15:01:10,844[ INFO]5.5. 将渲染结果输出到文件 main (rebue.mbgx.plugin.CodeGenByBeetlPlugin:314)
2019-03-18 15:01:10,845[ INFO]5.5.1. 判断目标文件是否存在 main (rebue.mbgx.plugin.CodeGenByBeetlPlugin:317)
2019-03-18 15:01:10,845[ INFO]5.5.2. 目标文件不存在 main (rebue.mbgx.plugin.CodeGenByBeetlPlugin:334)
2019-03-18 15:01:10,851[DEBUG][XyzAreaMngOrgMo, Propagation, XyzAreaMngOrgSvc, SUPPORTS, REQUIRED, XyzAreaMngOrgSvcImpl, Service, Logger, XyzAreaMngOrgJo, XyzAreaMngOrgMapper, Long, XyzAreaMngOrgDao, BaseSvcImpl, LoggerFactory, Override, Transactional] main (rebue.mbgx.util.JavaSourceUtils:56)
2019-03-18 15:01:10,853[ INFO]5.5.3. 输出到文件 main (rebue.mbgx.plugin.CodeGenByBeetlPlugin:340)
2019-03-18 15:01:10,854[DEBUG]5.1. 根据配置要求判断中间表是否生成目标文件(默认不生成) main (rebue.mbgx.plugin.CodeGenByBeetlPlugin:281)
2019-03-18 15:01:10,855[DEBUG]5.2. 建立模板实例 main (rebue.mbgx.plugin.CodeGenByBeetlPlugin:290)
2019-03-18 15:01:10,855[DEBUG]5.3. 注入参数 main (rebue.mbgx.plugin.CodeGenByBeetlPlugin:292)
2019-03-18 15:01:10,855[DEBUG]getTitleByRemarks: 区域管理组织关系 main (rebue.mbgx.util.RemarksUtils:21)
2019-03-18 15:01:10,856[DEBUG]5.4. 渲染结果 main (rebue.mbgx.plugin.CodeGenByBeetlPlugin:311)
2019-03-18 15:01:10,856[ INFO]5.5. 将渲染结果输出到文件 main (rebue.mbgx.plugin.CodeGenByBeetlPlugin:314)
2019-03-18 15:01:10,857[ INFO]5.5.1. 判断目标文件是否存在 main (rebue.mbgx.plugin.CodeGenByBeetlPlugin:317)
2019-03-18 15:01:10,857[ INFO]5.5.2. 目标文件不存在 main (rebue.mbgx.plugin.CodeGenByBeetlPlugin:334)
2019-03-18 15:01:10,911[DEBUG][RequestParam, RestController, String, Logger, RuntimeException, PostMapping, DeleteMapping, LoggerFactory, Ro, IllegalArgumentException, RequestBody, XyzAreaMngOrgMo, SUCCESS, XyzAreaMngOrgSvc, Resource, XyzAreaMngOrgCtrl, Exception, DuplicateKeyException, Integer, PageInfo, GetMapping, Long, PutMapping, IdRo, ResultDic, FAIL] main (rebue.mbgx.util.JavaSourceUtils:56)
2019-03-18 15:01:10,931[ INFO]5.5.3. 输出到文件 main (rebue.mbgx.plugin.CodeGenByBeetlPlugin:340)
2019-03-18 15:01:10,931[DEBUG]5.1. 根据配置要求判断中间表是否生成目标文件(默认不生成) main (rebue.mbgx.plugin.CodeGenByBeetlPlugin:281)
2019-03-18 15:01:10,932[DEBUG]5.2. 建立模板实例 main (rebue.mbgx.plugin.CodeGenByBeetlPlugin:290)
2019-03-18 15:01:10,932[DEBUG]5.3. 注入参数 main (rebue.mbgx.plugin.CodeGenByBeetlPlugin:292)
2019-03-18 15:01:10,934[DEBUG]getTitleByRemarks: 区域管理组织关系 main (rebue.mbgx.util.RemarksUtils:21)
2019-03-18 15:01:10,934[DEBUG]5.4. 渲染结果 main (rebue.mbgx.plugin.CodeGenByBeetlPlugin:311)
2019-03-18 15:01:10,935[ INFO]5.5. 将渲染结果输出到文件 main (rebue.mbgx.plugin.CodeGenByBeetlPlugin:314)
2019-03-18 15:01:10,936[ INFO]5.5.1. 判断目标文件是否存在 main (rebue.mbgx.plugin.CodeGenByBeetlPlugin:317)
2019-03-18 15:01:10,936[ INFO]5.5.2. 目标文件不存在 main (rebue.mbgx.plugin.CodeGenByBeetlPlugin:334)
2019-03-18 15:01:10,950[DEBUG][XyzAreaMngOrgMo, SUCCESS, String, IOException, System, RandomEx, ReflectiveOperationException, Assert, Test, XyzAreaMngOrgTests, Long, IdRo, ResultDic, OkhttpUtils, Ro, ObjectMapper] main (rebue.mbgx.util.JavaSourceUtils:56)
2019-03-18 15:01:10,956[ INFO]5.5.3. 输出到文件 main (rebue.mbgx.plugin.CodeGenByBeetlPlugin:340)
2019-03-18 15:01:10,957[DEBUG]5.1. 根据配置要求判断中间表是否生成目标文件(默认不生成) main (rebue.mbgx.plugin.CodeGenByBeetlPlugin:281)
2019-03-18 15:01:10,958[DEBUG]5.2. 建立模板实例 main (rebue.mbgx.plugin.CodeGenByBeetlPlugin:290)
2019-03-18 15:01:10,958[DEBUG]5.3. 注入参数 main (rebue.mbgx.plugin.CodeGenByBeetlPlugin:292)
2019-03-18 15:01:10,958[DEBUG]getTitleByRemarks: 区域管理组织关系 main (rebue.mbgx.util.RemarksUtils:21)
2019-03-18 15:01:10,959[DEBUG]5.4. 渲染结果 main (rebue.mbgx.plugin.CodeGenByBeetlPlugin:311)
2019-03-18 15:01:10,959[ INFO]5.5. 将渲染结果输出到文件 main (rebue.mbgx.plugin.CodeGenByBeetlPlugin:314)
2019-03-18 15:01:10,959[ INFO]5.5.1. 判断目标文件是否存在 main (rebue.mbgx.plugin.CodeGenByBeetlPlugin:317)
2019-03-18 15:01:10,960[ INFO]5.5.2. 目标文件不存在 main (rebue.mbgx.plugin.CodeGenByBeetlPlugin:334)
2019-03-18 15:01:10,961[DEBUG][Long, XyzAreaMngOrgDao, XyzAreaMngOrgJo, JpaRepository] main (rebue.mbgx.util.JavaSourceUtils:56)
2019-03-18 15:01:10,962[ INFO]5.5.3. 输出到文件 main (rebue.mbgx.plugin.CodeGenByBeetlPlugin:340)
2019-03-18 15:01:10,963[DEBUG]5.1. 根据配置要求判断中间表是否生成目标文件(默认不生成) main (rebue.mbgx.plugin.CodeGenByBeetlPlugin:281)
2019-03-18 15:01:10,963[DEBUG]5.2. 建立模板实例 main (rebue.mbgx.plugin.CodeGenByBeetlPlugin:290)
2019-03-18 15:01:10,964[DEBUG]5.3. 注入参数 main (rebue.mbgx.plugin.CodeGenByBeetlPlugin:292)
2019-03-18 15:01:10,964[DEBUG]getTitleByRemarks: 区域管理组织关系 main (rebue.mbgx.util.RemarksUtils:21)
2019-03-18 15:01:10,964[DEBUG]5.4. 渲染结果 main (rebue.mbgx.plugin.CodeGenByBeetlPlugin:311)
2019-03-18 15:01:10,969[ INFO]5.5. 将渲染结果输出到文件 main (rebue.mbgx.plugin.CodeGenByBeetlPlugin:314)
2019-03-18 15:01:10,970[ INFO]5.5.1. 判断目标文件是否存在 main (rebue.mbgx.plugin.CodeGenByBeetlPlugin:317)
2019-03-18 15:01:10,973[ INFO]5.5.2. 目标文件不存在 main (rebue.mbgx.plugin.CodeGenByBeetlPlugin:334)
2019-03-18 15:01:10,985[DEBUG][Entity, Basic, Serializable, Table, XyzAreaJo, Getter, XyzAreaMngOrgJo, Date, ManyToOne, DATE, JoinColumn, Temporal, Column, Long, Setter, Object, Id, ToString, Override, TemporalType] main (rebue.mbgx.util.JavaSourceUtils:56)
2019-03-18 15:01:10,989[ INFO]5.5.3. 输出到文件 main (rebue.mbgx.plugin.CodeGenByBeetlPlugin:340)
2019-03-18 15:01:10,996[DEBUG]getTitleByRemarks: 区域管理组织关系 main (rebue.mbgx.util.RemarksUtils:21)
2019-03-18 15:01:10,997[ INFO]
-----------------------------------------------
XYZ_AREA_MNG_ORG:区域管理组织关系
-----------------------------------------------
 main (rebue.mbgx.plugin.MapperAnnotationPlugin:32)
2019-03-18 15:01:10,999[ INFO]************************************************************************ main (rebue.mbgx.plugin.CodeGenByBeetlPlugin:194)
2019-03-18 15:01:11,000[ INFO]* 开始处理XYZ_AREA_SEND_ORG表                                                * main (rebue.mbgx.plugin.CodeGenByBeetlPlugin:195)
2019-03-18 15:01:11,000[ INFO]************************************************************************ main (rebue.mbgx.plugin.CodeGenByBeetlPlugin:196)
2019-03-18 15:01:11,000[ INFO]1. 通过配置模板获取生成代码模板的配置参数 main (rebue.mbgx.plugin.CodeGenByBeetlPlugin:197)
2019-03-18 15:01:11,004[ INFO]2. 获取ID类型,(String,Long,Array-组合主键) main (rebue.mbgx.plugin.CodeGenByBeetlPlugin:207)
2019-03-18 15:01:11,005[ INFO]3. 准备实体的属性信息 main (rebue.mbgx.plugin.CodeGenByBeetlPlugin:222)
2019-03-18 15:01:11,005[DEBUG]getTitleByRemarks: 区域组织关系ID main (rebue.mbgx.util.RemarksUtils:21)
2019-03-18 15:01:11,005[DEBUG]getTitleByRemarks: 区域ID main (rebue.mbgx.util.RemarksUtils:21)
2019-03-18 15:01:11,005[DEBUG]getTitleByRemarks: 发货组织ID main (rebue.mbgx.util.RemarksUtils:21)
2019-03-18 15:01:11,005[DEBUG]getTitleByRemarks: 录入时间 main (rebue.mbgx.util.RemarksUtils:21)
2019-03-18 15:01:11,006[ INFO]4. 设置外键和关联表 main (rebue.mbgx.plugin.CodeGenByBeetlPlugin:246)
2019-03-18 15:01:11,006[ INFO]类文件注释:[] main (rebue.mbgx.plugin.CodeGenByBeetlPlugin:277)
2019-03-18 15:01:11,006[ INFO]5. 遍历模板文件配置，建立模板实例、注入参数、渲染结果并输出到文件 main (rebue.mbgx.plugin.CodeGenByBeetlPlugin:279)
2019-03-18 15:01:11,006[DEBUG]5.1. 根据配置要求判断中间表是否生成目标文件(默认不生成) main (rebue.mbgx.plugin.CodeGenByBeetlPlugin:281)
2019-03-18 15:01:11,006[DEBUG]5.2. 建立模板实例 main (rebue.mbgx.plugin.CodeGenByBeetlPlugin:290)
2019-03-18 15:01:11,007[DEBUG]5.3. 注入参数 main (rebue.mbgx.plugin.CodeGenByBeetlPlugin:292)
2019-03-18 15:01:11,007[DEBUG]getTitleByRemarks: 区域发货组织关系 main (rebue.mbgx.util.RemarksUtils:21)
2019-03-18 15:01:11,007[DEBUG]5.4. 渲染结果 main (rebue.mbgx.plugin.CodeGenByBeetlPlugin:311)
2019-03-18 15:01:11,007[ INFO]5.5. 将渲染结果输出到文件 main (rebue.mbgx.plugin.CodeGenByBeetlPlugin:314)
2019-03-18 15:01:11,008[ INFO]5.5.1. 判断目标文件是否存在 main (rebue.mbgx.plugin.CodeGenByBeetlPlugin:317)
2019-03-18 15:01:11,008[ INFO]5.5.2. 目标文件不存在 main (rebue.mbgx.plugin.CodeGenByBeetlPlugin:334)
2019-03-18 15:01:11,010[DEBUG][Long, XyzAreaSendOrgSvc, XyzAreaSendOrgMo, BaseSvc, XyzAreaSendOrgJo] main (rebue.mbgx.util.JavaSourceUtils:56)
2019-03-18 15:01:11,011[ INFO]5.5.3. 输出到文件 main (rebue.mbgx.plugin.CodeGenByBeetlPlugin:340)
2019-03-18 15:01:11,011[DEBUG]5.1. 根据配置要求判断中间表是否生成目标文件(默认不生成) main (rebue.mbgx.plugin.CodeGenByBeetlPlugin:281)
2019-03-18 15:01:11,016[DEBUG]5.2. 建立模板实例 main (rebue.mbgx.plugin.CodeGenByBeetlPlugin:290)
2019-03-18 15:01:11,016[DEBUG]5.3. 注入参数 main (rebue.mbgx.plugin.CodeGenByBeetlPlugin:292)
2019-03-18 15:01:11,016[DEBUG]getTitleByRemarks: 区域发货组织关系 main (rebue.mbgx.util.RemarksUtils:21)
2019-03-18 15:01:11,017[DEBUG]5.4. 渲染结果 main (rebue.mbgx.plugin.CodeGenByBeetlPlugin:311)
2019-03-18 15:01:11,019[ INFO]5.5. 将渲染结果输出到文件 main (rebue.mbgx.plugin.CodeGenByBeetlPlugin:314)
2019-03-18 15:01:11,020[ INFO]5.5.1. 判断目标文件是否存在 main (rebue.mbgx.plugin.CodeGenByBeetlPlugin:317)
2019-03-18 15:01:11,020[ INFO]5.5.2. 目标文件不存在 main (rebue.mbgx.plugin.CodeGenByBeetlPlugin:334)
2019-03-18 15:01:11,027[DEBUG][Propagation, SUPPORTS, REQUIRED, Service, XyzAreaSendOrgMapper, Logger, XyzAreaSendOrgDao, XyzAreaSendOrgSvcImpl, Long, XyzAreaSendOrgMo, XyzAreaSendOrgSvc, BaseSvcImpl, XyzAreaSendOrgJo, LoggerFactory, Override, Transactional] main (rebue.mbgx.util.JavaSourceUtils:56)
2019-03-18 15:01:11,030[ INFO]5.5.3. 输出到文件 main (rebue.mbgx.plugin.CodeGenByBeetlPlugin:340)
2019-03-18 15:01:11,031[DEBUG]5.1. 根据配置要求判断中间表是否生成目标文件(默认不生成) main (rebue.mbgx.plugin.CodeGenByBeetlPlugin:281)
2019-03-18 15:01:11,031[DEBUG]5.2. 建立模板实例 main (rebue.mbgx.plugin.CodeGenByBeetlPlugin:290)
2019-03-18 15:01:11,032[DEBUG]5.3. 注入参数 main (rebue.mbgx.plugin.CodeGenByBeetlPlugin:292)
2019-03-18 15:01:11,032[DEBUG]getTitleByRemarks: 区域发货组织关系 main (rebue.mbgx.util.RemarksUtils:21)
2019-03-18 15:01:11,032[DEBUG]5.4. 渲染结果 main (rebue.mbgx.plugin.CodeGenByBeetlPlugin:311)
2019-03-18 15:01:11,033[ INFO]5.5. 将渲染结果输出到文件 main (rebue.mbgx.plugin.CodeGenByBeetlPlugin:314)
2019-03-18 15:01:11,034[ INFO]5.5.1. 判断目标文件是否存在 main (rebue.mbgx.plugin.CodeGenByBeetlPlugin:317)
2019-03-18 15:01:11,034[ INFO]5.5.2. 目标文件不存在 main (rebue.mbgx.plugin.CodeGenByBeetlPlugin:334)
2019-03-18 15:01:11,065[DEBUG][RequestParam, XyzAreaSendOrgCtrl, RestController, String, Logger, RuntimeException, PostMapping, DeleteMapping, XyzAreaSendOrgSvc, XyzAreaSendOrgMo, LoggerFactory, Ro, IllegalArgumentException, RequestBody, SUCCESS, Resource, Exception, DuplicateKeyException, Integer, PageInfo, GetMapping, Long, PutMapping, IdRo, ResultDic, FAIL] main (rebue.mbgx.util.JavaSourceUtils:56)
2019-03-18 15:01:11,072[ INFO]5.5.3. 输出到文件 main (rebue.mbgx.plugin.CodeGenByBeetlPlugin:340)
2019-03-18 15:01:11,072[DEBUG]5.1. 根据配置要求判断中间表是否生成目标文件(默认不生成) main (rebue.mbgx.plugin.CodeGenByBeetlPlugin:281)
2019-03-18 15:01:11,073[DEBUG]5.2. 建立模板实例 main (rebue.mbgx.plugin.CodeGenByBeetlPlugin:290)
2019-03-18 15:01:11,073[DEBUG]5.3. 注入参数 main (rebue.mbgx.plugin.CodeGenByBeetlPlugin:292)
2019-03-18 15:01:11,073[DEBUG]getTitleByRemarks: 区域发货组织关系 main (rebue.mbgx.util.RemarksUtils:21)
2019-03-18 15:01:11,074[DEBUG]5.4. 渲染结果 main (rebue.mbgx.plugin.CodeGenByBeetlPlugin:311)
2019-03-18 15:01:11,074[ INFO]5.5. 将渲染结果输出到文件 main (rebue.mbgx.plugin.CodeGenByBeetlPlugin:314)
2019-03-18 15:01:11,075[ INFO]5.5.1. 判断目标文件是否存在 main (rebue.mbgx.plugin.CodeGenByBeetlPlugin:317)
2019-03-18 15:01:11,076[ INFO]5.5.2. 目标文件不存在 main (rebue.mbgx.plugin.CodeGenByBeetlPlugin:334)
2019-03-18 15:01:11,086[DEBUG][SUCCESS, String, IOException, System, RandomEx, ReflectiveOperationException, Assert, Test, Long, XyzAreaSendOrgMo, IdRo, XyzAreaSendOrgTests, ResultDic, OkhttpUtils, Ro, ObjectMapper] main (rebue.mbgx.util.JavaSourceUtils:56)
2019-03-18 15:01:11,090[ INFO]5.5.3. 输出到文件 main (rebue.mbgx.plugin.CodeGenByBeetlPlugin:340)
2019-03-18 15:01:11,091[DEBUG]5.1. 根据配置要求判断中间表是否生成目标文件(默认不生成) main (rebue.mbgx.plugin.CodeGenByBeetlPlugin:281)
2019-03-18 15:01:11,091[DEBUG]5.2. 建立模板实例 main (rebue.mbgx.plugin.CodeGenByBeetlPlugin:290)
2019-03-18 15:01:11,091[DEBUG]5.3. 注入参数 main (rebue.mbgx.plugin.CodeGenByBeetlPlugin:292)
2019-03-18 15:01:11,092[DEBUG]getTitleByRemarks: 区域发货组织关系 main (rebue.mbgx.util.RemarksUtils:21)
2019-03-18 15:01:11,092[DEBUG]5.4. 渲染结果 main (rebue.mbgx.plugin.CodeGenByBeetlPlugin:311)
2019-03-18 15:01:11,092[ INFO]5.5. 将渲染结果输出到文件 main (rebue.mbgx.plugin.CodeGenByBeetlPlugin:314)
2019-03-18 15:01:11,092[ INFO]5.5.1. 判断目标文件是否存在 main (rebue.mbgx.plugin.CodeGenByBeetlPlugin:317)
2019-03-18 15:01:11,093[ INFO]5.5.2. 目标文件不存在 main (rebue.mbgx.plugin.CodeGenByBeetlPlugin:334)
2019-03-18 15:01:11,094[DEBUG][Long, XyzAreaSendOrgJo, JpaRepository, XyzAreaSendOrgDao] main (rebue.mbgx.util.JavaSourceUtils:56)
2019-03-18 15:01:11,094[ INFO]5.5.3. 输出到文件 main (rebue.mbgx.plugin.CodeGenByBeetlPlugin:340)
2019-03-18 15:01:11,095[DEBUG]5.1. 根据配置要求判断中间表是否生成目标文件(默认不生成) main (rebue.mbgx.plugin.CodeGenByBeetlPlugin:281)
2019-03-18 15:01:11,095[DEBUG]5.2. 建立模板实例 main (rebue.mbgx.plugin.CodeGenByBeetlPlugin:290)
2019-03-18 15:01:11,095[DEBUG]5.3. 注入参数 main (rebue.mbgx.plugin.CodeGenByBeetlPlugin:292)
2019-03-18 15:01:11,096[DEBUG]getTitleByRemarks: 区域发货组织关系 main (rebue.mbgx.util.RemarksUtils:21)
2019-03-18 15:01:11,096[DEBUG]5.4. 渲染结果 main (rebue.mbgx.plugin.CodeGenByBeetlPlugin:311)
2019-03-18 15:01:11,097[ INFO]5.5. 将渲染结果输出到文件 main (rebue.mbgx.plugin.CodeGenByBeetlPlugin:314)
2019-03-18 15:01:11,098[ INFO]5.5.1. 判断目标文件是否存在 main (rebue.mbgx.plugin.CodeGenByBeetlPlugin:317)
2019-03-18 15:01:11,098[ INFO]5.5.2. 目标文件不存在 main (rebue.mbgx.plugin.CodeGenByBeetlPlugin:334)
2019-03-18 15:01:11,121[DEBUG][Entity, Basic, Serializable, Table, XyzAreaJo, Getter, Date, ManyToOne, DATE, JoinColumn, Temporal, Column, Long, Setter, XyzAreaSendOrgJo, Object, Id, ToString, Override, TemporalType] main (rebue.mbgx.util.JavaSourceUtils:56)
2019-03-18 15:01:11,131[ INFO]5.5.3. 输出到文件 main (rebue.mbgx.plugin.CodeGenByBeetlPlugin:340)
2019-03-18 15:01:11,132[DEBUG]getTitleByRemarks: 区域发货组织关系 main (rebue.mbgx.util.RemarksUtils:21)
2019-03-18 15:01:11,133[ INFO]
-----------------------------------------------
XYZ_AREA_SEND_ORG:区域发货组织关系
-----------------------------------------------
 main (rebue.mbgx.plugin.MapperAnnotationPlugin:32)
